<?xml version="1.0" encoding="UTF-8"?>
<!-- Generated by org.testng.reporters.JUnitXMLReporter -->
<testsuite ignored="0" hostname="LAPTOP-OKJ1VVIP" failures="0" tests="6" name="Surefire test" time="63.029" errors="0" timestamp="2024-08-18T04:42:44 IST">
  <testcase classname="com.crm.qa.testcases.ContactspageTest" name="verifyAddContactLink" time="1.425"/>
  <testcase classname="com.crm.qa.testcases.ContactspageTest" name="verifyAddContactLink" time="1.677"/>
  <testcase classname="com.crm.qa.testcases.ContactspageTest" name="verifyAddContactLink" time="1.572"/>
  <testcase classname="com.crm.qa.testcases.ContactspageTest" name="verifyContactNameTest" time="0.045"/>
  <testcase classname="com.crm.qa.testcases.HomepageTest" name="verifyContactsPageNavigation" time="2.622"/>
  <testcase classname="com.crm.qa.testcases.LoginpageTest" name="loginTest" time="0.342"/>
</testsuite> <!-- Surefire test -->
