<?xml version="1.0" encoding="UTF-8"?>
<!-- Generated by org.testng.reporters.JUnitXMLReporter -->
<testsuite ignored="0" hostname="LAPTOP-OKJ1VVIP" failures="0" tests="7" name="Test" time="81.267" errors="0" timestamp="2024-08-19T22:46:20 IST">
  <testcase classname="com.crm.qa.testcases.companiespageTest" name="company" time="0.149"/>
  <testcase classname="com.crm.qa.testcases.companiespageTest" name="delete" time="1.195"/>
  <testcase classname="com.crm.qa.testcases.LoginpageTest" name="loginTest" time="0.401"/>
  <testcase classname="com.crm.qa.testcases.CreatenewCompanyTest" name="VerifyAddcompanyTest" time="2.174"/>
  <testcase classname="com.crm.qa.testcases.dealpageTest" name="verifycreatenewpipelinepage" time="2.25"/>
  <testcase classname="com.crm.qa.testcases.dealpageTest" name="verifydealpipelinepage" time="2.592"/>
  <testcase classname="com.crm.qa.testcases.HomepageTest" name="verifycompaniespagenavigation" time="2.462"/>
</testsuite> <!-- Test -->
