<?xml version="1.0" encoding="UTF-8"?>
<!-- Generated by org.testng.reporters.JUnitXMLReporter -->
<testsuite ignored="0" hostname="LAPTOP-OKJ1VVIP" failures="0" tests="7" name="Test" time="55.257" errors="0" timestamp="2024-08-21T10:40:46 IST">
  <testcase classname="com.crm.qa.testcases.LoginpageTest" name="loginTest" time="0.357"/>
  <testcase classname="com.crm.qa.testcases.HomepageTest" name="verifycompaniespagenavigation" time="2.513"/>
  <testcase classname="com.crm.qa.testcases.companiespageTest" name="company" time="0.145"/>
  <testcase classname="com.crm.qa.testcases.companiespageTest" name="delete" time="1.285"/>
  <testcase classname="com.crm.qa.testcases.dealpageTest" name="verifycreatenewpipelinepage" time="2.834"/>
  <testcase classname="com.crm.qa.testcases.dealpageTest" name="verifydealpipelinepage" time="2.946"/>
  <testcase classname="com.crm.qa.testcases.CreatenewCompanyTest" name="VerifyAddcompanyTest" time="1.253"/>
</testsuite> <!-- Test -->
