<?xml version="1.0" encoding="UTF-8"?>
<testng-results ignored="0" total="7" passed="7" failed="0" skipped="0">
  <reporter-output>
  </reporter-output>
  <suite started-at="2024-08-19T22:44:58 IST" name="Suite" finished-at="2024-08-19T22:46:20 IST" duration-ms="81267">
    <groups>
    </groups>
    <test started-at="2024-08-19T22:44:58 IST" name="Test" finished-at="2024-08-19T22:46:20 IST" duration-ms="81267">
      <class name="com.crm.qa.testcases.LoginpageTest">
        <test-method is-config="true" signature="setup()[pri:0, instance:com.crm.qa.testcases.LoginpageTest@36ebc363]" started-at="2024-08-19T22:45:18 IST" name="setup" finished-at="2024-08-19T22:45:30 IST" duration-ms="12286" status="PASS">
          <reporter-output>
          </reporter-output>
        </test-method> <!-- setup -->
        <test-method signature="loginTest()[pri:0, instance:com.crm.qa.testcases.LoginpageTest@36ebc363]" started-at="2024-08-19T22:45:30 IST" name="loginTest" finished-at="2024-08-19T22:45:30 IST" duration-ms="401" status="PASS">
          <reporter-output>
          </reporter-output>
        </test-method> <!-- loginTest -->
      </class> <!-- com.crm.qa.testcases.LoginpageTest -->
      <class name="com.crm.qa.testcases.dealpageTest">
        <test-method is-config="true" signature="setup()[pri:0, instance:com.crm.qa.testcases.dealpageTest@34e9fd99]" started-at="2024-08-19T22:45:42 IST" name="setup" finished-at="2024-08-19T22:45:56 IST" duration-ms="13785" status="PASS">
          <reporter-output>
          </reporter-output>
        </test-method> <!-- setup -->
        <test-method signature="verifycreatenewpipelinepage()[pri:0, instance:com.crm.qa.testcases.dealpageTest@34e9fd99]" started-at="2024-08-19T22:45:56 IST" name="verifycreatenewpipelinepage" finished-at="2024-08-19T22:45:58 IST" duration-ms="2250" status="PASS">
          <reporter-output>
          </reporter-output>
        </test-method> <!-- verifycreatenewpipelinepage -->
        <test-method is-config="true" signature="setup()[pri:0, instance:com.crm.qa.testcases.dealpageTest@34e9fd99]" started-at="2024-08-19T22:45:58 IST" name="setup" finished-at="2024-08-19T22:46:05 IST" duration-ms="7411" status="PASS">
          <reporter-output>
          </reporter-output>
        </test-method> <!-- setup -->
        <test-method signature="verifydealpipelinepage()[pri:0, instance:com.crm.qa.testcases.dealpageTest@34e9fd99]" started-at="2024-08-19T22:46:05 IST" name="verifydealpipelinepage" finished-at="2024-08-19T22:46:08 IST" duration-ms="2592" status="PASS">
          <reporter-output>
          </reporter-output>
        </test-method> <!-- verifydealpipelinepage -->
      </class> <!-- com.crm.qa.testcases.dealpageTest -->
      <class name="com.crm.qa.testcases.CreatenewCompanyTest">
        <test-method is-config="true" signature="setup()[pri:0, instance:com.crm.qa.testcases.CreatenewCompanyTest@45752059]" started-at="2024-08-19T22:45:30 IST" name="setup" finished-at="2024-08-19T22:45:40 IST" duration-ms="9253" status="PASS">
          <reporter-output>
          </reporter-output>
        </test-method> <!-- setup -->
        <test-method signature="VerifyAddcompanyTest()[pri:0, instance:com.crm.qa.testcases.CreatenewCompanyTest@45752059]" started-at="2024-08-19T22:45:40 IST" name="VerifyAddcompanyTest" finished-at="2024-08-19T22:45:42 IST" duration-ms="2174" status="PASS">
          <reporter-output>
          </reporter-output>
        </test-method> <!-- VerifyAddcompanyTest -->
      </class> <!-- com.crm.qa.testcases.CreatenewCompanyTest -->
      <class name="com.crm.qa.testcases.companiespageTest">
        <test-method is-config="true" signature="setup()[pri:0, instance:com.crm.qa.testcases.companiespageTest@2a4fb17b]" started-at="2024-08-19T22:44:58 IST" name="setup" finished-at="2024-08-19T22:45:08 IST" duration-ms="9236" status="PASS">
          <reporter-output>
          </reporter-output>
        </test-method> <!-- setup -->
        <test-method signature="company()[pri:0, instance:com.crm.qa.testcases.companiespageTest@2a4fb17b]" started-at="2024-08-19T22:45:08 IST" name="company" finished-at="2024-08-19T22:45:08 IST" duration-ms="149" status="PASS">
          <reporter-output>
          </reporter-output>
        </test-method> <!-- company -->
        <test-method is-config="true" signature="setup()[pri:0, instance:com.crm.qa.testcases.companiespageTest@2a4fb17b]" started-at="2024-08-19T22:45:08 IST" name="setup" finished-at="2024-08-19T22:45:16 IST" duration-ms="8554" status="PASS">
          <reporter-output>
          </reporter-output>
        </test-method> <!-- setup -->
        <test-method signature="delete()[pri:0, instance:com.crm.qa.testcases.companiespageTest@2a4fb17b]" started-at="2024-08-19T22:45:16 IST" name="delete" finished-at="2024-08-19T22:45:18 IST" duration-ms="1195" status="PASS">
          <reporter-output>
          </reporter-output>
        </test-method> <!-- delete -->
      </class> <!-- com.crm.qa.testcases.companiespageTest -->
      <class name="com.crm.qa.testcases.HomepageTest">
        <test-method is-config="true" signature="setup()[pri:0, instance:com.crm.qa.testcases.HomepageTest@3c41ed1d]" started-at="2024-08-19T22:46:08 IST" name="setup" finished-at="2024-08-19T22:46:17 IST" duration-ms="9437" status="PASS">
          <reporter-output>
          </reporter-output>
        </test-method> <!-- setup -->
        <test-method signature="verifycompaniespagenavigation()[pri:0, instance:com.crm.qa.testcases.HomepageTest@3c41ed1d]" started-at="2024-08-19T22:46:17 IST" name="verifycompaniespagenavigation" finished-at="2024-08-19T22:46:20 IST" duration-ms="2462" status="PASS">
          <reporter-output>
          </reporter-output>
        </test-method> <!-- verifycompaniespagenavigation -->
      </class> <!-- com.crm.qa.testcases.HomepageTest -->
    </test> <!-- Test -->
  </suite> <!-- Suite -->
</testng-results>
